<?xml version="1.0" encoding="UTF-8"?>
<!DOCTYPE mapper PUBLIC "-//mybatis.org//DTD Mapper 3.0//EN" "http://mybatis.org/dtd/mybatis-3-mapper.dtd">
<mapper namespace="test">

	<select id="list" resultType="test.customer.CustomerVO">
		select * from customer
		<if test="name != null">
			where name like '%' || #{name} || '%'
		</if>
		order by name
	</select>
	
	<delete id="delete">
		delete from customer where id = #{id}
	</delete>
	
	<insert id="insert">
		insert into customer (name, email, phone) values (#{name}, #{email}, #{phone})
	</insert>
	
	<update id="update">
		update customer set name = #{name}, email= #{email}, phone = {phone} where id = #{id}
	</update>

</mapper>